2025-08-19 16:44:56,983 - INFO - Logging konfiguriert - Umgebung: development
2025-08-19 16:44:56,984 - INFO - Starte Feuerwehr Dashboard - Umgebung: development
2025-08-19 16:44:57,042 - INFO - [31m[1mWARNING: This is a development server. Do not use it in a production deployment. Use a production WSGI server instead.[0m
 * Running on http://127.0.0.1:5001
2025-08-19 16:44:57,042 - INFO - [33mPress CTRL+C to quit[0m
2025-08-19 16:44:57,045 - INFO -  * Restarting with stat
2025-08-19 16:44:58,714 - INFO - Logging konfiguriert - Umgebung: development
2025-08-19 16:44:58,715 - INFO - Starte Feuerwehr Dashboard - Umgebung: development
2025-08-19 16:44:58,752 - WARNING -  * Debugger is active!
2025-08-19 16:44:58,762 - INFO -  * Debugger PIN: 495-217-575
2025-08-19 16:46:31,383 - INFO -  * Detected change in 'C:\\Users\\tmert\\Documents\\Feuerwehr_Dashboard\\API_backend.py', reloading
2025-08-19 16:46:31,680 - INFO -  * Restarting with stat
2025-08-19 16:46:33,009 - INFO - Logging konfiguriert - Umgebung: development
2025-08-19 16:46:33,010 - INFO - Starte Feuerwehr Dashboard - Umgebung: development
2025-08-19 16:46:33,050 - WARNING -  * Debugger is active!
2025-08-19 16:46:33,061 - INFO -  * Debugger PIN: 495-217-575
2025-08-19 17:04:04,937 - INFO -  * Detected change in 'C:\\Users\\tmert\\Documents\\Feuerwehr_Dashboard\\API_backend.py', reloading
2025-08-19 17:04:05,031 - INFO -  * Restarting with stat
2025-08-19 17:04:06,056 - INFO - Logging konfiguriert - Umgebung: development
2025-08-19 17:04:06,057 - INFO - Starte Feuerwehr Dashboard - Umgebung: development
2025-08-19 17:04:06,092 - WARNING -  * Debugger is active!
2025-08-19 17:04:06,101 - INFO -  * Debugger PIN: 495-217-575
2025-08-19 17:06:16,632 - INFO -  * Detected change in 'C:\\Users\\tmert\\Documents\\Feuerwehr_Dashboard\\API_backend.py', reloading
2025-08-19 17:06:16,730 - INFO -  * Restarting with stat
2025-08-19 17:06:17,749 - INFO - Logging konfiguriert - Umgebung: development
2025-08-19 17:06:17,750 - INFO - Starte Feuerwehr Dashboard - Umgebung: development
2025-08-19 17:06:17,788 - WARNING -  * Debugger is active!
2025-08-19 17:06:17,797 - INFO -  * Debugger PIN: 495-217-575
2025-08-20 18:20:49,338 - INFO -  * Detected change in 'C:\\Users\\tmert\\Documents\\Feuerwehr_Dashboard\\API_backend.py', reloading
2025-08-20 18:20:49,448 - INFO -  * Restarting with stat
2025-08-20 18:20:54,759 - INFO - Logging konfiguriert - Umgebung: development
2025-08-20 18:20:54,760 - INFO - Starte Feuerwehr Dashboard - Umgebung: development
2025-08-20 18:20:54,979 - WARNING -  * Debugger is active!
2025-08-20 18:20:54,990 - INFO -  * Debugger PIN: 495-217-575
2025-08-20 18:21:03,702 - INFO -  * Detected change in 'C:\\Users\\tmert\\Documents\\Feuerwehr_Dashboard\\API_backend.py', reloading
2025-08-20 18:21:03,794 - INFO -  * Restarting with stat
2025-08-20 18:21:04,830 - INFO - Logging konfiguriert - Umgebung: development
2025-08-20 18:21:04,831 - INFO - Starte Feuerwehr Dashboard - Umgebung: development
2025-08-20 18:21:04,869 - WARNING -  * Debugger is active!
2025-08-20 18:21:04,879 - INFO -  * Debugger PIN: 495-217-575
2025-08-20 18:23:29,053 - INFO -  * Detected change in 'C:\\Users\\tmert\\Documents\\Feuerwehr_Dashboard\\API_backend.py', reloading
2025-08-20 18:23:29,156 - INFO -  * Restarting with stat
2025-08-20 18:23:30,224 - INFO - Logging konfiguriert - Umgebung: development
2025-08-20 18:23:30,224 - INFO - Starte Feuerwehr Dashboard - Umgebung: development
2025-08-20 18:23:30,259 - WARNING -  * Debugger is active!
2025-08-20 18:23:30,268 - INFO -  * Debugger PIN: 495-217-575
